2026-01-19 15:40:33,688 - root - INFO - Initializing components...
2026-01-19 15:40:33,688 - sentence_transformers.SentenceTransformer - INFO - Load pretrained SentenceTransformer: BAAI/bge-m3
2026-01-19 15:40:44,368 - src.models.reranker - INFO - Initialized reranker model: BAAI/bge-reranker-v2-m3
2026-01-19 15:40:45,080 - root - INFO - Loading and preprocessing data...
2026-01-19 15:40:45,080 - src.data.data_ingestion - INFO - Loading CSV data...
2026-01-19 15:40:45,135 - src.data.data_ingestion - INFO - Loaded 2424 training samples and 1040 test samples
2026-01-19 15:40:45,135 - src.data.data_ingestion - INFO - Found 2 documents for processing
2026-01-19 15:40:45,443 - src.data.data_ingestion - WARNING - Error loading existing results: 'train_output'
2026-01-19 15:40:45,444 - root - INFO - Processing documents...
2026-01-19 15:40:45,444 - src.data.data_preprocessing - INFO - Processing documents into chunks...
2026-01-19 15:41:11,842 - src.data.data_preprocessing - INFO - Created 638 chunks from 2 documents
2026-01-19 15:41:11,846 - root - INFO - Initializing retriever...
2026-01-19 15:41:11,846 - src.retrieval.hybrid_retriever - INFO - Initializing BM25 index...
2026-01-19 15:41:11,907 - src.retrieval.bm25_retriever - INFO - Loaded BM25 index from cache
2026-01-19 15:41:11,907 - src.retrieval.hybrid_retriever - INFO - Initializing vector store...
2026-01-19 15:41:12,004 - faiss.loader - INFO - Loading faiss with AVX2 support.
2026-01-19 15:41:12,090 - faiss.loader - INFO - Successfully loaded faiss with AVX2 support.
2026-01-19 15:41:12,161 - src.retrieval.vector_retriever - INFO - Vector store created successfully
2026-01-19 15:41:12,168 - src.retrieval.hybrid_retriever - INFO - Hybrid retriever initialization complete
2026-01-19 15:41:13,880 - root - INFO - Retrieved 100 documents
2026-01-19 15:41:13,880 - src.models.reranker - INFO - Reranking 100 documents for query: what are the documents about
2026-01-19 15:46:47,894 - root - INFO - Reranked results. Best score: -6.626233100891113
2026-01-19 15:46:49,039 - src.response.response_generator - ERROR - Error generating response: model requires more system memory (4.8 GiB) than is available (4.6 GiB) (status code: 500)
