2026-01-19 12:50:36,960 - root - INFO - Initializing components...
2026-01-19 12:50:36,972 - sentence_transformers.SentenceTransformer - INFO - Load pretrained SentenceTransformer: BAAI/bge-m3
2026-01-19 12:50:53,001 - src.models.reranker - INFO - Initialized reranker model: BAAI/bge-reranker-v2-m3
2026-01-19 12:50:53,004 - root - INFO - Loading and preprocessing data...
2026-01-19 12:50:53,004 - src.data.data_ingestion - INFO - Loading CSV data...
2026-01-19 12:50:53,055 - src.data.data_ingestion - INFO - Loaded 2424 training samples and 1040 test samples
2026-01-19 12:50:53,055 - src.data.data_ingestion - INFO - Found 2 documents for processing
2026-01-19 12:50:53,084 - src.data.data_ingestion - WARNING - Error loading existing results: 'train_output'
2026-01-19 12:50:53,094 - root - INFO - Processing documents...
2026-01-19 12:50:53,101 - src.data.data_preprocessing - INFO - Processing documents into chunks...
2026-01-19 12:51:50,140 - src.data.data_preprocessing - INFO - Created 536 chunks from 2 documents
2026-01-19 12:51:50,140 - root - INFO - Initializing retriever...
2026-01-19 12:51:50,140 - src.retrieval.hybrid_retriever - INFO - Initializing BM25 index...
2026-01-19 12:51:50,179 - src.retrieval.bm25_retriever - INFO - Loaded BM25 index from cache
2026-01-19 12:51:50,181 - src.retrieval.hybrid_retriever - INFO - Initializing vector store...
2026-01-19 12:51:50,238 - faiss.loader - INFO - Loading faiss with AVX2 support.
2026-01-19 12:51:50,367 - faiss.loader - INFO - Successfully loaded faiss with AVX2 support.
2026-01-19 12:51:50,445 - src.retrieval.vector_retriever - INFO - Vector store created successfully
2026-01-19 12:51:50,455 - src.retrieval.hybrid_retriever - INFO - Hybrid retriever initialization complete
2026-01-19 12:51:52,574 - root - ERROR - Error processing query: 
