2026-01-19 15:14:48,986 - root - INFO - Initializing components...
2026-01-19 15:14:48,991 - sentence_transformers.SentenceTransformer - INFO - Load pretrained SentenceTransformer: BAAI/bge-m3
2026-01-19 15:15:04,797 - src.models.reranker - INFO - Initialized reranker model: BAAI/bge-reranker-v2-m3
2026-01-19 15:15:05,573 - root - INFO - Loading and preprocessing data...
2026-01-19 15:15:05,573 - src.data.data_ingestion - INFO - Loading CSV data...
2026-01-19 15:15:05,613 - src.data.data_ingestion - INFO - Loaded 2424 training samples and 1040 test samples
2026-01-19 15:15:05,613 - src.data.data_ingestion - INFO - Found 2 documents for processing
2026-01-19 15:15:05,624 - src.data.data_ingestion - INFO - Successfully processed and cached documents from D:/Secure-Offline-RAG-System/data/raw/data.txt
2026-01-19 15:15:05,625 - src.data.loaders.file_loader - INFO - Using standard PyMuPDF loader for D:\Secure-Offline-RAG-System\data\raw\jobless.pdf
2026-01-19 15:15:06,646 - src.data.data_ingestion - INFO - Successfully processed and cached documents from D:/Secure-Offline-RAG-System/data/raw/jobless.pdf
2026-01-19 15:15:06,646 - src.data.data_ingestion - WARNING - Error loading existing results: 'train_output'
2026-01-19 15:15:06,646 - root - INFO - Processing documents...
2026-01-19 15:15:06,646 - src.data.data_preprocessing - INFO - Processing documents into chunks...
2026-01-19 15:15:34,684 - src.data.data_preprocessing - INFO - Created 638 chunks from 2 documents
2026-01-19 15:15:34,686 - root - INFO - Initializing retriever...
2026-01-19 15:15:34,687 - src.retrieval.hybrid_retriever - INFO - Initializing BM25 index...
2026-01-19 15:15:34,820 - src.retrieval.bm25_retriever - INFO - Created and cached new BM25 index
2026-01-19 15:15:34,820 - src.retrieval.hybrid_retriever - INFO - Initializing vector store...
2026-01-19 15:39:35,013 - faiss.loader - INFO - Loading faiss with AVX2 support.
2026-01-19 15:39:35,225 - faiss.loader - INFO - Successfully loaded faiss with AVX2 support.
2026-01-19 15:39:35,366 - src.retrieval.vector_retriever - INFO - Vector store created successfully
2026-01-19 15:39:35,378 - src.retrieval.hybrid_retriever - INFO - Hybrid retriever initialization complete
