2026-01-19 14:19:49,598 - root - INFO - Initializing components...
2026-01-19 14:19:49,609 - sentence_transformers.SentenceTransformer - INFO - Load pretrained SentenceTransformer: BAAI/bge-m3
2026-01-19 14:20:06,510 - src.models.reranker - INFO - Initialized reranker model: BAAI/bge-reranker-v2-m3
2026-01-19 14:20:08,153 - root - INFO - Loading and preprocessing data...
2026-01-19 14:20:08,153 - src.data.data_ingestion - INFO - Loading CSV data...
2026-01-19 14:20:08,206 - src.data.data_ingestion - INFO - Loaded 2424 training samples and 1040 test samples
2026-01-19 14:20:08,208 - src.data.data_ingestion - INFO - Found 2 documents for processing
2026-01-19 14:20:08,218 - src.data.data_ingestion - WARNING - Error loading existing results: 'train_output'
2026-01-19 14:20:08,221 - root - INFO - Processing documents...
2026-01-19 14:20:08,221 - src.data.data_preprocessing - INFO - Processing documents into chunks...
2026-01-19 14:20:49,630 - src.data.data_preprocessing - INFO - Created 536 chunks from 2 documents
2026-01-19 14:20:49,636 - root - INFO - Initializing retriever...
2026-01-19 14:20:49,636 - src.retrieval.hybrid_retriever - INFO - Initializing BM25 index...
2026-01-19 14:20:49,691 - src.retrieval.bm25_retriever - INFO - Loaded BM25 index from cache
2026-01-19 14:20:49,692 - src.retrieval.hybrid_retriever - INFO - Initializing vector store...
2026-01-19 14:20:49,831 - faiss.loader - INFO - Loading faiss with AVX2 support.
2026-01-19 14:20:50,048 - faiss.loader - INFO - Successfully loaded faiss with AVX2 support.
2026-01-19 14:20:50,299 - src.retrieval.vector_retriever - INFO - Vector store created successfully
2026-01-19 14:20:50,311 - src.retrieval.hybrid_retriever - INFO - Hybrid retriever initialization complete
2026-01-19 14:20:53,018 - root - ERROR - Error processing query: 
