2026-01-16 02:26:20,503 - root - INFO - Initializing components...
2026-01-16 02:26:23,207 - sentence_transformers.SentenceTransformer - INFO - Load pretrained SentenceTransformer: nomic-ai/nomic-embed-text-v1.5
2026-01-16 02:26:34,095 - transformers_modules.nomic-ai.nomic-bert-2048.7710840340a098cfb869c4f65e87cf2b1b70caca.modeling_hf_nomic_bert - WARNING - <All keys matched successfully>
2026-01-16 02:26:39,269 - src.models.reranker - INFO - Initialized reranker model: BAAI/bge-reranker-v2-m3
2026-01-16 02:26:41,322 - root - INFO - Loading and preprocessing data...
2026-01-16 02:26:41,322 - src.data.data_ingestion - INFO - Loading CSV data...
2026-01-16 02:26:41,406 - src.data.data_ingestion - INFO - Loaded 2424 training samples and 1040 test samples
2026-01-16 02:26:41,410 - src.data.data_ingestion - INFO - Found 2 documents for processing
2026-01-16 02:26:41,461 - src.data.data_ingestion - WARNING - Error loading existing results: 'train_output'
2026-01-16 02:26:41,461 - root - INFO - Processing documents...
2026-01-16 02:26:41,463 - src.data.data_preprocessing - INFO - Processing documents into chunks...
2026-01-16 02:29:29,171 - src.data.data_preprocessing - INFO - Created 536 chunks from 2 documents
2026-01-16 02:29:29,182 - root - INFO - Initializing retriever...
2026-01-16 02:29:29,182 - src.retrieval.hybrid_retriever - INFO - Initializing BM25 index...
2026-01-16 02:29:29,233 - src.retrieval.bm25_retriever - INFO - Loaded BM25 index from cache
2026-01-16 02:29:29,233 - src.retrieval.hybrid_retriever - INFO - Initializing vector store...
2026-01-16 02:29:29,340 - faiss.loader - INFO - Loading faiss with AVX2 support.
2026-01-16 02:29:29,552 - faiss.loader - INFO - Successfully loaded faiss with AVX2 support.
2026-01-16 02:29:29,694 - src.retrieval.vector_retriever - INFO - Vector store created successfully
2026-01-16 02:29:29,701 - src.retrieval.hybrid_retriever - INFO - Hybrid retriever initialization complete
2026-01-16 02:29:31,238 - root - INFO - Retrieved 100 documents
2026-01-16 02:29:31,238 - src.models.reranker - INFO - Reranking 100 documents for query: н ВЕЛ ЦНБНПХРЯЪ Б ТЮИКЕ jobless?
