2026-01-19 14:56:28,897 - root - INFO - Initializing components...
2026-01-19 14:56:28,897 - sentence_transformers.SentenceTransformer - INFO - Load pretrained SentenceTransformer: BAAI/bge-m3
2026-01-19 14:56:38,920 - src.models.reranker - INFO - Initialized reranker model: BAAI/bge-reranker-v2-m3
2026-01-19 14:56:39,652 - root - INFO - Loading and preprocessing data...
2026-01-19 14:56:39,654 - src.data.data_ingestion - INFO - Loading CSV data...
2026-01-19 14:56:39,697 - src.data.data_ingestion - INFO - Loaded 2424 training samples and 1040 test samples
2026-01-19 14:56:39,699 - src.data.data_ingestion - INFO - Found 2 documents for processing
2026-01-19 14:56:39,701 - src.data.data_ingestion - WARNING - Error loading existing results: 'train_output'
2026-01-19 14:56:39,701 - root - INFO - Processing documents...
2026-01-19 14:56:39,710 - src.data.data_preprocessing - INFO - Processing documents into chunks...
2026-01-19 14:57:06,391 - src.data.data_preprocessing - INFO - Created 536 chunks from 2 documents
2026-01-19 14:57:06,393 - root - INFO - Initializing retriever...
2026-01-19 14:57:06,394 - src.retrieval.hybrid_retriever - INFO - Initializing BM25 index...
2026-01-19 14:57:06,429 - src.retrieval.bm25_retriever - INFO - Loaded BM25 index from cache
2026-01-19 14:57:06,430 - src.retrieval.hybrid_retriever - INFO - Initializing vector store...
2026-01-19 14:57:06,465 - faiss.loader - INFO - Loading faiss with AVX2 support.
2026-01-19 14:57:06,572 - faiss.loader - INFO - Successfully loaded faiss with AVX2 support.
2026-01-19 14:57:06,628 - src.retrieval.vector_retriever - INFO - Vector store created successfully
2026-01-19 14:57:06,633 - src.retrieval.hybrid_retriever - INFO - Hybrid retriever initialization complete
2026-01-19 14:57:08,363 - root - ERROR - Error processing query: 
