2026-01-19 12:45:57,635 - root - INFO - Initializing components...
2026-01-19 12:45:57,639 - sentence_transformers.SentenceTransformer - INFO - Load pretrained SentenceTransformer: BAAI/bge-m3
2026-01-19 12:46:14,901 - src.models.reranker - INFO - Initialized reranker model: BAAI/bge-reranker-v2-m3
2026-01-19 12:46:14,901 - root - INFO - Loading and preprocessing data...
2026-01-19 12:46:14,901 - src.data.data_ingestion - INFO - Loading CSV data...
2026-01-19 12:46:14,964 - src.data.data_ingestion - INFO - Loaded 2424 training samples and 1040 test samples
2026-01-19 12:46:14,964 - src.data.data_ingestion - INFO - Found 2 documents for processing
2026-01-19 12:46:14,977 - src.data.data_ingestion - WARNING - Error loading existing results: 'train_output'
2026-01-19 12:46:14,981 - root - INFO - Processing documents...
2026-01-19 12:46:14,981 - src.data.data_preprocessing - INFO - Processing documents into chunks...
2026-01-19 12:46:49,693 - src.data.data_preprocessing - INFO - Created 536 chunks from 2 documents
2026-01-19 12:46:49,702 - root - INFO - Initializing retriever...
2026-01-19 12:46:49,704 - src.retrieval.hybrid_retriever - INFO - Initializing BM25 index...
2026-01-19 12:46:49,762 - src.retrieval.bm25_retriever - INFO - Loaded BM25 index from cache
2026-01-19 12:46:49,762 - src.retrieval.hybrid_retriever - INFO - Initializing vector store...
2026-01-19 12:46:49,866 - faiss.loader - INFO - Loading faiss with AVX2 support.
2026-01-19 12:46:50,048 - faiss.loader - INFO - Successfully loaded faiss with AVX2 support.
2026-01-19 12:46:50,148 - src.retrieval.vector_retriever - INFO - Vector store created successfully
2026-01-19 12:46:50,156 - src.retrieval.hybrid_retriever - INFO - Hybrid retriever initialization complete
2026-01-19 12:46:52,831 - root - ERROR - Error processing query: 
