2026-01-19 16:13:27,713 - root - INFO - Initializing components...
2026-01-19 16:13:27,719 - sentence_transformers.SentenceTransformer - INFO - Load pretrained SentenceTransformer: BAAI/bge-m3
2026-01-19 16:13:42,060 - src.models.reranker - INFO - Initialized reranker model: BAAI/bge-reranker-v2-m3
2026-01-19 16:13:43,238 - root - INFO - Loading and preprocessing data...
2026-01-19 16:13:43,238 - src.data.data_ingestion - INFO - Loading CSV data...
2026-01-19 16:13:43,315 - src.data.data_ingestion - INFO - Loaded 2424 training samples and 1040 test samples
2026-01-19 16:13:43,316 - src.data.data_ingestion - INFO - Found 2 documents for processing
2026-01-19 16:13:43,333 - src.data.data_ingestion - WARNING - Error loading existing results: 'train_output'
2026-01-19 16:13:43,335 - root - INFO - Processing documents...
2026-01-19 16:13:43,335 - src.data.data_preprocessing - INFO - Processing documents into chunks...
2026-01-19 16:14:15,309 - src.data.data_preprocessing - INFO - Created 638 chunks from 2 documents
2026-01-19 16:14:15,314 - root - INFO - Initializing retriever...
2026-01-19 16:14:15,314 - src.retrieval.hybrid_retriever - INFO - Initializing BM25 index...
2026-01-19 16:14:15,350 - src.retrieval.bm25_retriever - INFO - Loaded BM25 index from cache
2026-01-19 16:14:15,350 - src.retrieval.hybrid_retriever - INFO - Initializing vector store...
2026-01-19 16:14:15,444 - faiss.loader - INFO - Loading faiss with AVX2 support.
2026-01-19 16:14:15,586 - faiss.loader - INFO - Successfully loaded faiss with AVX2 support.
2026-01-19 16:14:15,670 - src.retrieval.vector_retriever - INFO - Vector store created successfully
2026-01-19 16:14:15,681 - src.retrieval.hybrid_retriever - INFO - Hybrid retriever initialization complete
2026-01-19 16:14:17,776 - root - INFO - Retrieved 80 documents
2026-01-19 16:19:46,046 - root - INFO - Reranked results. Best score: -5.378067970275879
