2026-01-19 14:21:44,132 - root - INFO - Initializing components...
2026-01-19 14:21:44,134 - sentence_transformers.SentenceTransformer - INFO - Load pretrained SentenceTransformer: BAAI/bge-m3
2026-01-19 14:21:59,485 - src.models.reranker - INFO - Initialized reranker model: BAAI/bge-reranker-v2-m3
2026-01-19 14:22:00,675 - root - INFO - Loading and preprocessing data...
2026-01-19 14:22:00,675 - src.data.data_ingestion - INFO - Loading CSV data...
2026-01-19 14:22:00,780 - src.data.data_ingestion - INFO - Loaded 2424 training samples and 1040 test samples
2026-01-19 14:22:00,780 - src.data.data_ingestion - INFO - Found 2 documents for processing
2026-01-19 14:22:00,795 - src.data.data_ingestion - WARNING - Error loading existing results: 'train_output'
2026-01-19 14:22:00,795 - root - INFO - Processing documents...
2026-01-19 14:22:00,795 - src.data.data_preprocessing - INFO - Processing documents into chunks...
2026-01-19 14:22:33,271 - src.data.data_preprocessing - INFO - Created 536 chunks from 2 documents
2026-01-19 14:22:33,271 - root - INFO - Initializing retriever...
2026-01-19 14:22:33,271 - src.retrieval.hybrid_retriever - INFO - Initializing BM25 index...
2026-01-19 14:22:33,303 - src.retrieval.bm25_retriever - INFO - Loaded BM25 index from cache
2026-01-19 14:22:33,303 - src.retrieval.hybrid_retriever - INFO - Initializing vector store...
2026-01-19 14:22:33,346 - faiss.loader - INFO - Loading faiss with AVX2 support.
2026-01-19 14:22:33,464 - faiss.loader - INFO - Successfully loaded faiss with AVX2 support.
2026-01-19 14:22:33,519 - src.retrieval.vector_retriever - INFO - Vector store created successfully
2026-01-19 14:22:33,519 - src.retrieval.hybrid_retriever - INFO - Hybrid retriever initialization complete
2026-01-19 14:22:36,236 - root - ERROR - Error processing query: 
