2026-01-19 14:51:46,051 - root - INFO - Initializing components...
2026-01-19 14:51:46,055 - sentence_transformers.SentenceTransformer - INFO - Load pretrained SentenceTransformer: BAAI/bge-m3
2026-01-19 14:51:58,132 - src.models.reranker - INFO - Initialized reranker model: BAAI/bge-reranker-v2-m3
2026-01-19 14:51:59,021 - root - INFO - Loading and preprocessing data...
2026-01-19 14:51:59,022 - src.data.data_ingestion - INFO - Loading CSV data...
2026-01-19 14:51:59,052 - src.data.data_ingestion - INFO - Loaded 2424 training samples and 1040 test samples
2026-01-19 14:51:59,052 - src.data.data_ingestion - INFO - Found 2 documents for processing
2026-01-19 14:51:59,061 - src.data.data_ingestion - WARNING - Error loading existing results: 'train_output'
2026-01-19 14:51:59,062 - root - INFO - Processing documents...
2026-01-19 14:51:59,063 - src.data.data_preprocessing - INFO - Processing documents into chunks...
2026-01-19 14:52:30,378 - src.data.data_preprocessing - INFO - Created 536 chunks from 2 documents
2026-01-19 14:52:30,378 - root - INFO - Initializing retriever...
2026-01-19 14:52:30,378 - src.retrieval.hybrid_retriever - INFO - Initializing BM25 index...
2026-01-19 14:52:30,409 - src.retrieval.bm25_retriever - INFO - Loaded BM25 index from cache
2026-01-19 14:52:30,410 - src.retrieval.hybrid_retriever - INFO - Initializing vector store...
2026-01-19 14:52:30,451 - faiss.loader - INFO - Loading faiss with AVX2 support.
2026-01-19 14:52:30,557 - faiss.loader - INFO - Successfully loaded faiss with AVX2 support.
2026-01-19 14:52:30,615 - src.retrieval.vector_retriever - INFO - Vector store created successfully
2026-01-19 14:52:30,621 - src.retrieval.hybrid_retriever - INFO - Hybrid retriever initialization complete
2026-01-19 14:52:32,315 - root - ERROR - Error processing query: 
