2026-01-19 16:45:31,726 - root - INFO - Initializing components...
2026-01-19 16:45:31,726 - sentence_transformers.SentenceTransformer - INFO - Load pretrained SentenceTransformer: BAAI/bge-m3
2026-01-19 16:45:42,032 - src.models.reranker - INFO - Initialized reranker model: BAAI/bge-reranker-v2-m3
2026-01-19 16:45:42,771 - root - INFO - Loading and preprocessing data...
2026-01-19 16:45:42,771 - src.data.data_ingestion - INFO - Loading CSV data...
2026-01-19 16:45:42,816 - src.data.data_ingestion - INFO - Loaded 2424 training samples and 1040 test samples
2026-01-19 16:45:42,817 - src.data.data_ingestion - INFO - Found 2 documents for processing
2026-01-19 16:45:42,831 - src.data.data_ingestion - WARNING - Error loading existing results: 'train_output'
2026-01-19 16:45:42,832 - root - INFO - Processing documents...
2026-01-19 16:45:42,832 - src.data.data_preprocessing - INFO - Processing documents into chunks...
2026-01-19 16:46:09,380 - src.data.data_preprocessing - INFO - Created 638 chunks from 2 documents
2026-01-19 16:46:09,380 - root - INFO - Initializing retriever...
2026-01-19 16:46:09,380 - src.retrieval.hybrid_retriever - INFO - Initializing BM25 index...
2026-01-19 16:46:09,415 - src.retrieval.bm25_retriever - INFO - Loaded BM25 index from cache
2026-01-19 16:46:09,416 - src.retrieval.hybrid_retriever - INFO - Initializing vector store...
2026-01-19 16:46:09,463 - faiss.loader - INFO - Loading faiss with AVX2 support.
2026-01-19 16:46:09,573 - faiss.loader - INFO - Successfully loaded faiss with AVX2 support.
2026-01-19 16:46:09,639 - src.retrieval.vector_retriever - INFO - Vector store created successfully
2026-01-19 16:46:09,649 - src.retrieval.hybrid_retriever - INFO - Hybrid retriever initialization complete
2026-01-19 16:46:11,947 - root - INFO - Retrieved 80 documents
2026-01-19 16:46:11,947 - src.models.reranker - INFO - Reranking 80 documents for query: Κςξ ςΰκξι Πσδεσρ?
2026-01-19 16:52:10,223 - root - INFO - Reranked results. Best score: -0.9525484442710876
