2026-01-19 17:03:25,843 - root - INFO - Initializing components...
2026-01-19 17:03:25,843 - sentence_transformers.SentenceTransformer - INFO - Load pretrained SentenceTransformer: BAAI/bge-m3
2026-01-19 17:03:35,713 - src.models.reranker - INFO - Initialized reranker model: BAAI/bge-reranker-v2-m3
2026-01-19 17:03:36,435 - root - INFO - Loading and preprocessing data...
2026-01-19 17:03:36,437 - src.data.data_ingestion - INFO - Loading CSV data...
2026-01-19 17:03:36,468 - src.data.data_ingestion - INFO - Loaded 2424 training samples and 1040 test samples
2026-01-19 17:03:36,469 - src.data.data_ingestion - INFO - Found 2 documents for processing
2026-01-19 17:03:36,480 - src.data.data_ingestion - WARNING - Error loading existing results: 'train_output'
2026-01-19 17:03:36,480 - root - INFO - Processing documents...
2026-01-19 17:03:36,480 - src.data.data_preprocessing - INFO - Processing documents into chunks...
2026-01-19 17:04:10,946 - src.data.data_preprocessing - INFO - Created 638 chunks from 2 documents
2026-01-19 17:04:10,951 - root - INFO - Initializing retriever...
2026-01-19 17:04:10,953 - src.retrieval.hybrid_retriever - INFO - Initializing BM25 index...
2026-01-19 17:04:11,004 - src.retrieval.bm25_retriever - INFO - Loaded BM25 index from cache
2026-01-19 17:04:11,005 - src.retrieval.hybrid_retriever - INFO - Initializing vector store...
2026-01-19 17:04:11,096 - faiss.loader - INFO - Loading faiss with AVX2 support.
2026-01-19 17:04:11,233 - faiss.loader - INFO - Successfully loaded faiss with AVX2 support.
2026-01-19 17:04:11,312 - src.retrieval.vector_retriever - INFO - Vector store created successfully
2026-01-19 17:04:11,320 - src.retrieval.hybrid_retriever - INFO - Hybrid retriever initialization complete
2026-01-19 17:04:13,984 - root - INFO - Retrieved 80 documents
2026-01-19 17:04:13,985 - src.models.reranker - INFO - Reranking 80 documents for query: Κςξ ςΰκξι Πσδεσρ?
2026-01-19 17:09:25,965 - root - INFO - Reranked results. Best score: -0.9525484442710876
