2026-01-15 14:06:08,636 - root - INFO - Initializing components...
2026-01-15 14:06:11,392 - sentence_transformers.SentenceTransformer - INFO - Load pretrained SentenceTransformer: nomic-ai/nomic-embed-text-v1.5
2026-01-15 14:06:20,365 - transformers_modules.nomic-ai.nomic-bert-2048.7710840340a098cfb869c4f65e87cf2b1b70caca.modeling_hf_nomic_bert - WARNING - <All keys matched successfully>
2026-01-15 14:06:24,369 - src.models.reranker - INFO - Initialized reranker model: BAAI/bge-reranker-v2-m3
2026-01-15 14:06:24,374 - root - INFO - Loading and preprocessing data...
2026-01-15 14:06:24,374 - src.data.data_ingestion - INFO - Loading CSV data...
2026-01-15 14:06:24,428 - src.data.data_ingestion - INFO - Loaded 2424 training samples and 1040 test samples
2026-01-15 14:06:24,430 - src.data.data_ingestion - INFO - Found 2 documents for processing
2026-01-15 14:06:24,649 - src.data.data_ingestion - WARNING - Error loading existing results: 'train_output'
2026-01-15 14:06:24,649 - root - INFO - Processing documents...
2026-01-15 14:06:24,649 - src.data.data_preprocessing - INFO - Processing documents into chunks...
2026-01-15 14:07:04,058 - src.data.data_preprocessing - INFO - Created 536 chunks from 2 documents
2026-01-15 14:07:04,062 - root - INFO - Initializing retriever...
2026-01-15 14:07:04,062 - src.retrieval.hybrid_retriever - INFO - Initializing BM25 index...
2026-01-15 14:07:04,152 - src.retrieval.bm25_retriever - INFO - Loaded BM25 index from cache
2026-01-15 14:07:04,155 - src.retrieval.hybrid_retriever - INFO - Initializing vector store...
2026-01-15 14:07:04,267 - faiss.loader - INFO - Loading faiss with AVX2 support.
2026-01-15 14:07:04,464 - faiss.loader - INFO - Successfully loaded faiss with AVX2 support.
2026-01-15 14:07:04,583 - src.retrieval.vector_retriever - INFO - Vector store created successfully
2026-01-15 14:07:04,588 - src.retrieval.hybrid_retriever - INFO - Hybrid retriever initialization complete
2026-01-15 14:07:05,141 - root - INFO - Retrieved 100 documents
2026-01-15 14:07:05,143 - src.models.reranker - INFO - Reranking 100 documents for query: ╬ іхь уютюЁшҐё  т Єрщых jobless?
2026-01-15 14:15:08,717 - root - INFO - Reranked results. Best score: -8.842658996582031
2026-01-15 14:15:13,026 - src.response.response_generator - ERROR - Error generating response: Could not connect to Llamafile server. Please make sure that a server is running at http://localhost:8081.
