2026-01-19 11:02:15,154 - root - INFO - Initializing components...
2026-01-19 11:02:15,154 - sentence_transformers.SentenceTransformer - INFO - Load pretrained SentenceTransformer: BAAI/bge-m3
2026-01-19 11:02:19,634 - huggingface_hub.file_download - WARNING - Xet Storage is enabled for this repo, but the 'hf_xet' package is not installed. Falling back to regular HTTP download. For better performance, install the package with: `pip install huggingface_hub[hf_xet]` or `pip install hf_xet`
2026-01-19 11:49:01,260 - huggingface_hub.file_download - WARNING - Xet Storage is enabled for this repo, but the 'hf_xet' package is not installed. Falling back to regular HTTP download. For better performance, install the package with: `pip install huggingface_hub[hf_xet]` or `pip install hf_xet`
2026-01-19 11:49:06,092 - huggingface_hub.file_download - WARNING - Xet Storage is enabled for this repo, but the 'hf_xet' package is not installed. Falling back to regular HTTP download. For better performance, install the package with: `pip install huggingface_hub[hf_xet]` or `pip install hf_xet`
2026-01-19 11:49:08,777 - huggingface_hub.file_download - WARNING - Xet Storage is enabled for this repo, but the 'hf_xet' package is not installed. Falling back to regular HTTP download. For better performance, install the package with: `pip install huggingface_hub[hf_xet]` or `pip install hf_xet`
2026-01-19 11:49:23,454 - src.models.reranker - INFO - Initialized reranker model: BAAI/bge-reranker-v2-m3
2026-01-19 11:49:23,466 - root - INFO - Loading and preprocessing data...
2026-01-19 11:49:23,466 - src.data.data_ingestion - INFO - Loading CSV data...
2026-01-19 11:49:23,863 - src.data.data_ingestion - INFO - Loaded 2424 training samples and 1040 test samples
2026-01-19 11:49:23,863 - src.data.data_ingestion - INFO - Found 2 documents for processing
2026-01-19 11:49:24,112 - src.data.data_ingestion - WARNING - Error loading existing results: 'train_output'
2026-01-19 11:49:24,112 - root - INFO - Processing documents...
2026-01-19 11:49:24,114 - src.data.data_preprocessing - INFO - Processing documents into chunks...
2026-01-19 12:23:39,672 - huggingface_hub.file_download - WARNING - Error while downloading from https://huggingface.co/BAAI/bge-m3/resolve/refs%2Fpr%2F130/model.safetensors: HTTPSConnectionPool(host='cas-bridge.xethub.hf.co', port=443): Read timed out.
Trying to resume download...
2026-01-19 12:24:30,712 - src.data.data_preprocessing - INFO - Created 536 chunks from 2 documents
2026-01-19 12:24:30,728 - root - INFO - Initializing retriever...
2026-01-19 12:24:30,733 - src.retrieval.hybrid_retriever - INFO - Initializing BM25 index...
2026-01-19 12:24:30,853 - src.retrieval.bm25_retriever - INFO - Loaded BM25 index from cache
2026-01-19 12:24:30,853 - src.retrieval.hybrid_retriever - INFO - Initializing vector store...
2026-01-19 12:24:31,046 - faiss.loader - INFO - Loading faiss with AVX2 support.
2026-01-19 12:24:31,280 - faiss.loader - INFO - Successfully loaded faiss with AVX2 support.
2026-01-19 12:24:31,440 - src.retrieval.vector_retriever - INFO - Vector store created successfully
2026-01-19 12:24:31,447 - src.retrieval.hybrid_retriever - INFO - Hybrid retriever initialization complete
