2026-01-19 14:09:30,081 - root - INFO - Initializing components...
2026-01-19 14:09:30,093 - sentence_transformers.SentenceTransformer - INFO - Load pretrained SentenceTransformer: BAAI/bge-m3
2026-01-19 14:09:45,485 - src.models.reranker - INFO - Initialized reranker model: BAAI/bge-reranker-v2-m3
2026-01-19 14:09:46,824 - root - INFO - Loading and preprocessing data...
2026-01-19 14:09:46,824 - src.data.data_ingestion - INFO - Loading CSV data...
2026-01-19 14:09:46,872 - src.data.data_ingestion - INFO - Loaded 2424 training samples and 1040 test samples
2026-01-19 14:09:46,872 - src.data.data_ingestion - INFO - Found 2 documents for processing
2026-01-19 14:09:46,890 - src.data.data_ingestion - WARNING - Error loading existing results: 'train_output'
2026-01-19 14:09:46,893 - root - INFO - Processing documents...
2026-01-19 14:09:46,894 - src.data.data_preprocessing - INFO - Processing documents into chunks...
2026-01-19 14:10:18,731 - src.data.data_preprocessing - INFO - Created 536 chunks from 2 documents
2026-01-19 14:10:18,731 - root - INFO - Initializing retriever...
2026-01-19 14:10:18,731 - src.retrieval.hybrid_retriever - INFO - Initializing BM25 index...
2026-01-19 14:10:18,775 - src.retrieval.bm25_retriever - INFO - Loaded BM25 index from cache
2026-01-19 14:10:18,775 - src.retrieval.hybrid_retriever - INFO - Initializing vector store...
2026-01-19 14:10:18,842 - faiss.loader - INFO - Loading faiss with AVX2 support.
2026-01-19 14:10:18,980 - faiss.loader - INFO - Successfully loaded faiss with AVX2 support.
2026-01-19 14:10:19,042 - src.retrieval.vector_retriever - INFO - Vector store created successfully
2026-01-19 14:10:19,042 - src.retrieval.hybrid_retriever - INFO - Hybrid retriever initialization complete
2026-01-19 14:10:21,220 - root - ERROR - Error processing query: 
