2026-01-19 15:53:44,015 - root - INFO - Initializing components...
2026-01-19 15:53:44,022 - sentence_transformers.SentenceTransformer - INFO - Load pretrained SentenceTransformer: BAAI/bge-m3
2026-01-19 15:54:00,013 - src.models.reranker - INFO - Initialized reranker model: BAAI/bge-reranker-v2-m3
2026-01-19 15:54:01,450 - root - INFO - Loading and preprocessing data...
2026-01-19 15:54:01,450 - src.data.data_ingestion - INFO - Loading CSV data...
2026-01-19 15:54:01,500 - src.data.data_ingestion - INFO - Loaded 2424 training samples and 1040 test samples
2026-01-19 15:54:01,500 - src.data.data_ingestion - INFO - Found 2 documents for processing
2026-01-19 15:54:01,522 - src.data.data_ingestion - WARNING - Error loading existing results: 'train_output'
2026-01-19 15:54:01,522 - root - INFO - Processing documents...
2026-01-19 15:54:01,522 - src.data.data_preprocessing - INFO - Processing documents into chunks...
2026-01-19 15:54:38,885 - src.data.data_preprocessing - INFO - Created 638 chunks from 2 documents
2026-01-19 15:54:38,892 - root - INFO - Initializing retriever...
2026-01-19 15:54:38,892 - src.retrieval.hybrid_retriever - INFO - Initializing BM25 index...
2026-01-19 15:54:38,994 - src.retrieval.bm25_retriever - INFO - Loaded BM25 index from cache
2026-01-19 15:54:38,994 - src.retrieval.hybrid_retriever - INFO - Initializing vector store...
2026-01-19 15:54:39,069 - faiss.loader - INFO - Loading faiss with AVX2 support.
2026-01-19 15:54:39,197 - faiss.loader - INFO - Successfully loaded faiss with AVX2 support.
2026-01-19 15:54:39,272 - src.retrieval.vector_retriever - INFO - Vector store created successfully
2026-01-19 15:54:39,282 - src.retrieval.hybrid_retriever - INFO - Hybrid retriever initialization complete
2026-01-19 15:54:41,302 - root - INFO - Retrieved 100 documents
2026-01-19 15:54:41,302 - src.models.reranker - INFO - Reranking 100 documents for query: what are the documents about
2026-01-19 16:02:17,546 - root - INFO - Reranked results. Best score: -6.626233100891113
